2022-07-03 17:36:00,433 INFO  StartupInfoLogger:55 - [] Starting SpringBootLoggersApplication using Java 17.0.2 on LAPTOP-NJGOD6B7 with PID 15316 (C:\Users\vakka\Documents\workspace-spring-tool-suite-4-4.14.0.RELEASE\SpringBootLoggers\target\classes started by vakka in C:\Users\vakka\Documents\workspace-spring-tool-suite-4-4.14.0.RELEASE\SpringBootLoggers)
2022-07-03 17:36:00,437 INFO  SpringApplication:634 - [] No active profile set, falling back to 1 default profile: "default"
2022-07-03 17:36:01,352 INFO  TomcatWebServer:108 - [] Tomcat initialized with port(s): 9090 (http)
2022-07-03 17:36:01,365 INFO  DirectJDKLog:173 - [] Starting service [Tomcat]
2022-07-03 17:36:01,405 INFO  DirectJDKLog:173 - [] Starting Servlet engine: [Apache Tomcat/9.0.64]
2022-07-03 17:36:01,525 INFO  DirectJDKLog:173 - [] Initializing Spring embedded WebApplicationContext
2022-07-03 17:36:01,526 INFO  ServletWebServerApplicationContext:292 - [] Root WebApplicationContext: initialization completed in 1033 ms
2022-07-03 17:36:01,905 INFO  TomcatWebServer:220 - [] Tomcat started on port(s): 9090 (http) with context path ''
2022-07-03 17:36:01,926 INFO  StartupInfoLogger:61 - [] Started SpringBootLoggersApplication in 1.976 seconds (JVM running for 2.831)
2022-07-03 17:36:37,091 INFO  DirectJDKLog:173 - [] Initializing Spring DispatcherServlet 'dispatcherServlet'
2022-07-03 17:36:37,091 INFO  FrameworkServlet:525 - [] Initializing Servlet 'dispatcherServlet'
2022-07-03 17:36:37,092 INFO  FrameworkServlet:547 - [] Completed initialization in 0 ms
2022-07-03 17:36:37,122 INFO  MessageController:16 - [] [get message] infomessage
2022-07-03 17:36:37,123 WARN  MessageController:17 - [] [get message] warn message
2022-07-03 17:36:37,123 ERROR MessageController:18 - [] [get message] error omessage
2022-07-03 17:36:37,123 DEBUG MessageController:19 - [] [get message] debug message
2022-07-03 18:06:46,225 INFO  MessageController:16 - [] [get message] infomessage
2022-07-03 18:06:46,226 WARN  MessageController:17 - [] [get message] warn message
2022-07-03 18:06:46,226 ERROR MessageController:18 - [] [get message] error omessage
2022-07-03 18:06:46,226 DEBUG MessageController:19 - [] [get message] debug message
2022-07-03 18:07:53,029 INFO  MessageController:16 - [] [get message] infomessage
2022-07-03 18:07:53,030 WARN  MessageController:17 - [] [get message] warn message
2022-07-03 18:07:53,031 ERROR MessageController:18 - [] [get message] error omessage
2022-07-03 18:07:53,031 DEBUG MessageController:19 - [] [get message] debug message
2022-07-03 18:08:17,480 INFO  MessageController:16 - [] [get message] infomessage
2022-07-03 18:08:17,481 WARN  MessageController:17 - [] [get message] warn message
2022-07-03 18:08:17,481 ERROR MessageController:18 - [] [get message] error omessage
2022-07-03 18:08:17,481 DEBUG MessageController:19 - [] [get message] debug message
2022-07-03 18:08:34,331 INFO  MessageController:16 - [] [get message] infomessage
2022-07-03 18:08:34,332 WARN  MessageController:17 - [] [get message] warn message
2022-07-03 18:08:34,333 ERROR MessageController:18 - [] [get message] error omessage
2022-07-03 18:08:34,333 DEBUG MessageController:19 - [] [get message] debug message
